{"numFailedTestSuites":0,"numFailedTests":0,"numPassedTestSuites":1,"numPassedTests":7,"numPendingTestSuites":0,"numPendingTests":0,"numRuntimeErrorTestSuites":0,"numTodoTests":0,"numTotalTestSuites":1,"numTotalTests":7,"openHandles":[],"snapshot":{"added":0,"didUpdate":false,"failure":false,"filesAdded":0,"filesRemoved":0,"filesRemovedList":[],"filesUnmatched":0,"filesUpdated":0,"matched":0,"total":0,"unchecked":0,"uncheckedKeysByFile":[],"unmatched":0,"updated":0},"startTime":1786880180083,"success":true,"testResults":[{"assertionResults":[{"ancestorTitles":["fourFeatureKernel ownership arbitration"],"duration":3,"failureDetails":[],"failureMessages":[],"fullName":"fourFeatureKernel ownership arbitration blocks second owner on the same exclusive resource","invocations":1,"location":null,"numPassingAsserts":3,"retryReasons":[],"status":"passed","title":"blocks second owner on the same exclusive resource"},{"ancestorTitles":["fourFeatureKernel ownership arbitration"],"duration":0,"failureDetails":[],"failureMessages":[],"fullName":"fourFeatureKernel ownership arbitration releases all owned resources on stop command","invocations":1,"location":null,"numPassingAsserts":3,"retryReasons":[],"status":"passed","title":"releases all owned resources on stop command"},{"ancestorTitles":["fourFeatureRuntime shared kernel integration"],"duration":41,"failureDetails":[],"failureMessages":[],"fullName":"fourFeatureRuntime shared kernel integration keeps the original owner when a conflicting feature starts","invocations":1,"location":null,"numPassingAsserts":3,"retryReasons":[],"status":"passed","title":"keeps the original owner when a conflicting feature starts"},{"ancestorTitles":["fourFeatureRuntime shared kernel integration"],"duration":9,"failureDetails":[],"failureMessages":[],"fullName":"fourFeatureRuntime shared kernel integration allows next feature to own resources after previous one stops","invocations":1,"location":null,"numPassingAsserts":2,"retryReasons":[],"status":"passed","title":"allows next feature to own resources after previous one stops"},{"ancestorTitles":["fourFeatureRuntime shared kernel integration"],"duration":8,"failureDetails":[],"failureMessages":[],"fullName":"fourFeatureRuntime shared kernel integration enforces single-active policy with deterministic quiesce ordering","invocations":1,"location":null,"numPassingAsserts":4,"retryReasons":[],"status":"passed","title":"enforces single-active policy with deterministic quiesce ordering"},{"ancestorTitles":["fourFeatureRuntime shared kernel integration"],"duration":9,"failureDetails":[],"failureMessages":[],"fullName":"fourFeatureRuntime shared kernel integration runs generic feature cleanup before the next feature takes over","invocations":1,"location":null,"numPassingAsserts":3,"retryReasons":[],"status":"passed","title":"runs generic feature cleanup before the next feature takes over"},{"ancestorTitles":["fourFeatureRuntime shared kernel integration"],"duration":13,"failureDetails":[],"failureMessages":[],"fullName":"fourFeatureRuntime shared kernel integration rolls back to previous feature when transition quiesce fails","invocations":1,"location":null,"numPassingAsserts":4,"retryReasons":[],"status":"passed","title":"rolls back to previous feature when transition quiesce fails"}],"endTime":1786880180704,"message":"","name":"C:\\Users\\WORK\\source\\repos\\parkcheolhong\\codeAI\\apps\\mobile-nadotongryoksa\\src\\features\\isolation\\__tests__\\fourFeatureKernel.integration.test.ts","startTime":1786880180169,"status":"passed","summary":""}],"wasInterrupted":false}
